<?xml version="1.0" encoding="UTF-8"?>
<!-- Generated by org.testng.reporters.JUnitReportReporter -->
<testsuite hostname="LAPTOP-G6M68RDN" failures="0" tests="1" name="testCases.TC_01_AccountRegistrationTest" time="1.525" errors="0" timestamp="2024-11-15T21:17:22 IST" skipped="0">
  <testcase classname="testCases.TC_01_AccountRegistrationTest" name="verify_AccountRegister" time="1.525"/>
  <system-out/>
</testsuite> <!-- testCases.TC_01_AccountRegistrationTest -->
