<?xml version="1.0" encoding="UTF-8"?>
<!-- Generated by org.testng.reporters.JUnitReportReporter -->
<testsuite hostname="LAPTOP-G6M68RDN" failures="0" tests="5" name="testCases.TC_03_LoginDDT" time="26.894" errors="0" timestamp="2024-11-15T18:09:32 IST" skipped="0">
  <testcase classname="testCases.TC_03_LoginDDT" name="verify_loginDDT" time="1.578"/>
  <system-out/>
  <testcase classname="testCases.TC_03_LoginDDT" name="verify_loginDDT" time="21.199"/>
  <system-out/>
  <testcase classname="testCases.TC_03_LoginDDT" name="verify_loginDDT" time="1.372"/>
  <system-out/>
  <testcase classname="testCases.TC_03_LoginDDT" name="verify_loginDDT" time="1.354"/>
  <system-out/>
  <testcase classname="testCases.TC_03_LoginDDT" name="verify_loginDDT" time="1.391"/>
  <system-out/>
</testsuite> <!-- testCases.TC_03_LoginDDT -->
