<?xml version="1.0" encoding="UTF-8"?>
<!-- Generated by org.testng.reporters.JUnitReportReporter -->
<testsuite hostname="LAPTOP-G6M68RDN" failures="0" tests="1" name="testCases.TC_06_ProductAddToWishList" time="1.558" errors="0" timestamp="2024-12-02T00:13:15 IST" skipped="0">
  <testcase classname="testCases.TC_06_ProductAddToWishList" name="verify_ProductAddToWishList" time="1.558"/>
  <system-out/>
</testsuite> <!-- testCases.TC_06_ProductAddToWishList -->
