<?xml version="1.0" encoding="UTF-8"?>
<!-- Generated by org.testng.reporters.JUnitReportReporter -->
<testsuite hostname="LAPTOP-G6M68RDN" failures="0" tests="1" name="testCases.TC_02_LoginTest" time="1.059" errors="0" timestamp="2024-11-15T21:12:21 IST" skipped="0">
  <testcase classname="testCases.TC_02_LoginTest" name="verify_Login" time="1.059"/>
  <system-out/>
</testsuite> <!-- testCases.TC_02_LoginTest -->
