<?xml version="1.0" encoding="UTF-8"?>
<!-- Generated by org.testng.reporters.JUnitReportReporter -->
<testsuite hostname="LAPTOP-G6M68RDN" failures="0" tests="1" name="testCases.TC_04_SearchProduct" time="0.625" errors="0" timestamp="2024-12-01T22:21:16 IST" skipped="0">
  <testcase classname="testCases.TC_04_SearchProduct" name="verify_SearchProduct" time="0.625"/>
  <system-out/>
</testsuite> <!-- testCases.TC_04_SearchProduct -->
