<?xml version="1.0" encoding="UTF-8"?>
<!-- Generated by org.testng.reporters.JUnitReportReporter -->
<testsuite hostname="LAPTOP-G6M68RDN" failures="0" tests="1" name="testCases.TC_05_ProductAddToCart" time="1.808" errors="0" timestamp="2024-12-01T23:27:08 IST" skipped="0">
  <testcase classname="testCases.TC_05_ProductAddToCart" name="verify_ProductAddToCart" time="1.808"/>
  <system-out/>
</testsuite> <!-- testCases.TC_05_ProductAddToCart -->
